#
# There is insufficient memory for the Java Runtime Environment to continue.
# Native memory allocation (malloc) failed to allocate 1726896 bytes for Chunk::new
# Possible reasons:
#   The system is out of physical RAM or swap space
#   The process is running with CompressedOops enabled, and the Java Heap may be blocking the growth of the native heap
# Possible solutions:
#   Reduce memory load on the system
#   Increase physical memory or swap space
#   Check if swap backing store is full
#   Decrease Java heap size (-Xmx/-Xms)
#   Decrease number of Java threads
#   Decrease Java thread stack sizes (-Xss)
#   Set larger code cache with -XX:ReservedCodeCacheSize=
#   JVM is running with Unscaled Compressed Oops mode in which the Java heap is
#     placed in the first 4GB address space. The Java Heap base address is the
#     maximum limit for the native heap growth. Please use -XX:HeapBaseMinAddress
#     to set the Java Heap base and to place the Java Heap above 4GB virtual address.
# This output file may be truncated or incomplete.
#
#  Out of Memory Error (t:/workspace/open/src/hotspot/share/memory/arena.cpp:196), pid=7160, tid=4144
#
# JRE version: Java(TM) SE Runtime Environment (13.0.2+8) (build 13.0.2+8)
# Java VM: Java HotSpot(TM) 64-Bit Server VM (13.0.2+8, mixed mode, sharing, tiered, compressed oops, g1 gc, windows-amd64)
# No core dump will be written. Minidumps are not enabled by default on client versions of Windows
#

---------------  S U M M A R Y ------------

Command Line: -javaagent:C:\Program Files\JetBrains\IntelliJ IDEA Community Edition 2021.2\lib\idea_rt.jar=58550:C:\Program Files\JetBrains\IntelliJ IDEA Community Edition 2021.2\bin -Dfile.encoding=UTF-8 com.booking.HotelBookingApplication

Host: Intel(R) Core(TM) i5-3210M CPU @ 2.50GHz, 4 cores, 7G,  Windows 10 , 64 bit Build 19041 (10.0.19041.1023)
Time: Wed Sep 15 11:28:20 2021 Maroc (heure d’été) elapsed time: 16 seconds (0d 0h 0m 16s)

---------------  T H R E A D  ---------------

Current thread (0x000001fb4ea04000):  JavaThread "C2 CompilerThread1" daemon [_thread_in_native, id=4144, stack(0x0000006147400000,0x0000006147500000)]


Current CompileTask:
C2:  16019 5965   !   4       org.springframework.core.annotation.AnnotationsScanner::processMethodHierarchy (276 bytes)

Stack: [0x0000006147400000,0x0000006147500000]
Native frames: (J=compiled Java code, j=interpreted, Vv=VM code, C=native code)
V  [jvm.dll+0x624f9a]
V  [jvm.dll+0x770cfa]
V  [jvm.dll+0x7724af]
V  [jvm.dll+0x772ab3]
V  [jvm.dll+0x24bf08]
V  [jvm.dll+0xc1e47]
V  [jvm.dll+0xc23cc]
V  [jvm.dll+0x35c0c5]
V  [jvm.dll+0x19f2f0]
V  [jvm.dll+0x205d36]
V  [jvm.dll+0x204e3f]
V  [jvm.dll+0x189c2c]
V  [jvm.dll+0x213e6d]
V  [jvm.dll+0x2120bb]
V  [jvm.dll+0x736bb6]
V  [jvm.dll+0x72fcaa]
V  [jvm.dll+0x623ea6]
C  [ucrtbase.dll+0x21bb2]
C  [KERNEL32.DLL+0x17034]
C  [ntdll.dll+0x52651]


---------------  P R O C E S S  ---------------

Threads class SMR info:
_java_thread_list=0x000001fb4e269170, length=19, elements={
0x000001fb2ccf6000, 0x000001fb4b021800, 0x000001fb4b024800, 0x000001fb4b03b800,
0x000001fb4b03c800, 0x000001fb4b03e800, 0x000001fb4b04d000, 0x000001fb4b058800,
0x000001fb4ba98800, 0x000001fb4be8b000, 0x000001fb4be8b800, 0x000001fb4c418000,
0x000001fb4c418800, 0x000001fb4c2d5000, 0x000001fb51b4f000, 0x000001fb4ea04000,
0x000001fb5168e000, 0x000001fb4fb30800, 0x000001fb513b5800
}

Java Threads: ( => current thread )
  0x000001fb2ccf6000 JavaThread "main" [_thread_blocked, id=5836, stack(0x0000006145f00000,0x0000006146000000)]
  0x000001fb4b021800 JavaThread "Reference Handler" daemon [_thread_blocked, id=5324, stack(0x0000006146600000,0x0000006146700000)]
  0x000001fb4b024800 JavaThread "Finalizer" daemon [_thread_blocked, id=2876, stack(0x0000006146700000,0x0000006146800000)]
  0x000001fb4b03b800 JavaThread "Signal Dispatcher" daemon [_thread_blocked, id=4628, stack(0x0000006146800000,0x0000006146900000)]
  0x000001fb4b03c800 JavaThread "Attach Listener" daemon [_thread_blocked, id=8076, stack(0x0000006146900000,0x0000006146a00000)]
  0x000001fb4b03e800 JavaThread "C2 CompilerThread0" daemon [_thread_in_native, id=9700, stack(0x0000006146a00000,0x0000006146b00000)]
  0x000001fb4b04d000 JavaThread "C1 CompilerThread0" daemon [_thread_blocked, id=7260, stack(0x0000006146b00000,0x0000006146c00000)]
  0x000001fb4b058800 JavaThread "Sweeper thread" daemon [_thread_blocked, id=11776, stack(0x0000006146c00000,0x0000006146d00000)]
  0x000001fb4ba98800 JavaThread "Common-Cleaner" daemon [_thread_blocked, id=9368, stack(0x0000006146d00000,0x0000006146e00000)]
  0x000001fb4be8b000 JavaThread "Monitor Ctrl-Break" daemon [_thread_in_native, id=10148, stack(0x0000006146e00000,0x0000006146f00000)]
  0x000001fb4be8b800 JavaThread "Service Thread" daemon [_thread_blocked, id=6020, stack(0x0000006146f00000,0x0000006147000000)]
  0x000001fb4c418000 JavaThread "Thread-0" [_thread_blocked, id=11848, stack(0x0000006147200000,0x0000006147300000)]
  0x000001fb4c418800 JavaThread "restartedMain" [_thread_blocked, id=2960, stack(0x0000006147300000,0x0000006147400000)]
  0x000001fb4c2d5000 JavaThread "mysql-cj-abandoned-connection-cleanup" daemon [_thread_blocked, id=5192, stack(0x0000006147500000,0x0000006147600000)]
  0x000001fb51b4f000 JavaThread "HikariPool-1 housekeeper" daemon [_thread_blocked, id=5072, stack(0x0000006147900000,0x0000006147a00000)]
=>0x000001fb4ea04000 JavaThread "C2 CompilerThread1" daemon [_thread_in_native, id=4144, stack(0x0000006147400000,0x0000006147500000)]
  0x000001fb5168e000 JavaThread "Catalina-utility-1" [_thread_blocked, id=6736, stack(0x0000006147b00000,0x0000006147c00000)]
  0x000001fb4fb30800 JavaThread "Catalina-utility-2" [_thread_blocked, id=8972, stack(0x0000006147c00000,0x0000006147d00000)]
  0x000001fb513b5800 JavaThread "container-0" [_thread_blocked, id=11624, stack(0x0000006147d00000,0x0000006147e00000)]

Other Threads:
  0x000001fb4b01f000 VMThread "VM Thread" [stack: 0x0000006146500000,0x0000006146600000] [id=10596]
  0x000001fb4be8f000 WatcherThread [stack: 0x0000006147000000,0x0000006147100000] [id=8472]
  0x000001fb2cd37800 GCTaskThread "GC Thread#0" [stack: 0x0000006146000000,0x0000006146100000] [id=12124]
  0x000001fb4c3bf000 GCTaskThread "GC Thread#1" [stack: 0x0000006147100000,0x0000006147200000] [id=4736]
  0x000001fb4c58c800 GCTaskThread "GC Thread#2" [stack: 0x0000006147600000,0x0000006147700000] [id=6824]
  0x000001fb4c99c800 GCTaskThread "GC Thread#3" [stack: 0x0000006147700000,0x0000006147800000] [id=408]
  0x000001fb2cd49800 ConcurrentGCThread "G1 Main Marker" [stack: 0x0000006146100000,0x0000006146200000] [id=7680]
  0x000001fb2cd4d000 ConcurrentGCThread "G1 Conc#0" [stack: 0x0000006146200000,0x0000006146300000] [id=4072]
  0x000001fb2cdcc800 ConcurrentGCThread "G1 Refine#0" [stack: 0x0000006146300000,0x0000006146400000] [id=1232]
  0x000001fb4ae90800 ConcurrentGCThread "G1 Young RemSet Sampling" [stack: 0x0000006146400000,0x0000006146500000] [id=10884]

Threads with active compile tasks:
C2 CompilerThread0    19657 6007   !   4       org.springframework.core.annotation.AnnotationsScanner::processClassHierarchy (227 bytes)
C2 CompilerThread1    19657 5965   !   4       org.springframework.core.annotation.AnnotationsScanner::processMethodHierarchy (276 bytes)

VM state:at safepoint (normal execution)

VM Mutex/Monitor currently owned by a thread:  ([mutex/lock_event])
[0x000001fb2ccf3290] Threads_lock - owner thread: 0x000001fb4b01f000
[0x000001fb2ccf3c20] Heap_lock - owner thread: 0x000001fb4c418800

Heap address: 0x0000000086600000, size: 1946 MB, Compressed Oops mode: 32-bit
Narrow klass base: 0x0000000800000000, Narrow klass shift: 3
Compressed class space size: 1073741824 Address: 0x0000000800b40000

Heap:
 garbage-first heap   total 84992K, used 28941K [0x0000000086600000, 0x0000000100000000)
  region size 1024K, 4 young (4096K), 4 survivors (4096K)
 Metaspace       used 56884K, capacity 58581K, committed 58832K, reserved 1099776K
  class space    used 7479K, capacity 8148K, committed 8188K, reserved 1048576K
Heap Regions: E=young(eden), S=young(survivor), O=old, HS=humongous(starts), HC=humongous(continues), CS=collection set, F=free, A=archive, TAMS=top-at-mark-start (previous, next)
|   0|0x0000000086600000, 0x0000000086700000, 0x0000000086700000|100%|HS|  |TAMS 0x0000000086700000, 0x0000000086600000| Complete 
|   1|0x0000000086700000, 0x0000000086800000, 0x0000000086800000|100%| O|  |TAMS 0x0000000086800000, 0x0000000086700000| Untracked 
|   2|0x0000000086800000, 0x0000000086900000, 0x0000000086900000|100%| O|  |TAMS 0x0000000086900000, 0x0000000086800000| Untracked 
|   3|0x0000000086900000, 0x0000000086a00000, 0x0000000086a00000|100%| O|  |TAMS 0x0000000086a00000, 0x0000000086900000| Untracked 
|   4|0x0000000086a00000, 0x0000000086b00000, 0x0000000086b00000|100%| O|  |TAMS 0x0000000086b00000, 0x0000000086a00000| Untracked 
|   5|0x0000000086b00000, 0x0000000086c00000, 0x0000000086c00000|100%| O|  |TAMS 0x0000000086c00000, 0x0000000086b00000| Untracked 
|   6|0x0000000086c00000, 0x0000000086c46800, 0x0000000086d00000| 27%| O|  |TAMS 0x0000000086c46800, 0x0000000086c00000| Untracked 
|   7|0x0000000086d00000, 0x0000000086e00000, 0x0000000086e00000|100%| O|  |TAMS 0x0000000086e00000, 0x0000000086d00000| Untracked 
|   8|0x0000000086e00000, 0x0000000086f00000, 0x0000000086f00000|100%| O|  |TAMS 0x0000000086f00000, 0x0000000086e00000| Untracked 
|   9|0x0000000086f00000, 0x0000000087000000, 0x0000000087000000|100%| O|  |TAMS 0x0000000087000000, 0x0000000086f00000| Untracked 
|  10|0x0000000087000000, 0x0000000087100000, 0x0000000087100000|100%| O|  |TAMS 0x0000000087100000, 0x0000000087000000| Untracked 
|  11|0x0000000087100000, 0x0000000087200000, 0x0000000087200000|100%| O|  |TAMS 0x0000000087200000, 0x0000000087100000| Untracked 
|  12|0x0000000087200000, 0x0000000087300000, 0x0000000087300000|100%| O|  |TAMS 0x0000000087300000, 0x0000000087200000| Untracked 
|  13|0x0000000087300000, 0x0000000087400000, 0x0000000087400000|100%| O|  |TAMS 0x0000000087400000, 0x0000000087300000| Untracked 
|  14|0x0000000087400000, 0x0000000087500000, 0x0000000087500000|100%| O|  |TAMS 0x0000000087500000, 0x0000000087400000| Untracked 
|  15|0x0000000087500000, 0x0000000087600000, 0x0000000087600000|100%| O|  |TAMS 0x0000000087600000, 0x0000000087500000| Untracked 
|  16|0x0000000087600000, 0x0000000087700000, 0x0000000087700000|100%| O|  |TAMS 0x0000000087700000, 0x0000000087600000| Untracked 
|  17|0x0000000087700000, 0x0000000087800000, 0x0000000087800000|100%| O|  |TAMS 0x0000000087748800, 0x0000000087700000| Untracked 
|  18|0x0000000087800000, 0x0000000087900000, 0x0000000087900000|100%| O|  |TAMS 0x0000000087800000, 0x0000000087800000| Untracked 
|  19|0x0000000087900000, 0x0000000087a00000, 0x0000000087a00000|100%| O|  |TAMS 0x0000000087900000, 0x0000000087900000| Untracked 
|  20|0x0000000087a00000, 0x0000000087b00000, 0x0000000087b00000|100%| O|  |TAMS 0x0000000087a00000, 0x0000000087a00000| Untracked 
|  21|0x0000000087b00000, 0x0000000087c00000, 0x0000000087c00000|100%| O|  |TAMS 0x0000000087b00000, 0x0000000087b00000| Untracked 
|  22|0x0000000087c00000, 0x0000000087d00000, 0x0000000087d00000|100%| O|  |TAMS 0x0000000087c00000, 0x0000000087c00000| Untracked 
|  23|0x0000000087d00000, 0x0000000087e00000, 0x0000000087e00000|100%| O|  |TAMS 0x0000000087d00000, 0x0000000087d00000| Untracked 
|  24|0x0000000087e00000, 0x0000000087f00000, 0x0000000087f00000|100%| O|  |TAMS 0x0000000087e00000, 0x0000000087e00000| Untracked 
|  25|0x0000000087f00000, 0x0000000087fba400, 0x0000000088000000| 72%| O|  |TAMS 0x0000000087f00000, 0x0000000087f00000| Untracked 
|  26|0x0000000088000000, 0x0000000088000000, 0x0000000088100000|  0%| F|  |TAMS 0x0000000088000000, 0x0000000088000000| Untracked 
|  27|0x0000000088100000, 0x0000000088100000, 0x0000000088200000|  0%| F|  |TAMS 0x0000000088100000, 0x0000000088100000| Untracked 
|  28|0x0000000088200000, 0x0000000088200000, 0x0000000088300000|  0%| F|  |TAMS 0x0000000088200000, 0x0000000088200000| Untracked 
|  29|0x0000000088300000, 0x0000000088300000, 0x0000000088400000|  0%| F|  |TAMS 0x0000000088300000, 0x0000000088300000| Untracked 
|  30|0x0000000088400000, 0x0000000088400000, 0x0000000088500000|  0%| F|  |TAMS 0x0000000088400000, 0x0000000088400000| Untracked 
|  31|0x0000000088500000, 0x0000000088500000, 0x0000000088600000|  0%| F|  |TAMS 0x0000000088500000, 0x0000000088500000| Untracked 
|  32|0x0000000088600000, 0x0000000088600000, 0x0000000088700000|  0%| F|  |TAMS 0x0000000088600000, 0x0000000088600000| Untracked 
|  33|0x0000000088700000, 0x0000000088700000, 0x0000000088800000|  0%| F|  |TAMS 0x0000000088700000, 0x0000000088700000| Untracked 
|  34|0x0000000088800000, 0x0000000088800000, 0x0000000088900000|  0%| F|  |TAMS 0x0000000088800000, 0x0000000088800000| Untracked 
|  35|0x0000000088900000, 0x0000000088900000, 0x0000000088a00000|  0%| F|  |TAMS 0x0000000088900000, 0x0000000088900000| Untracked 
|  36|0x0000000088a00000, 0x0000000088a00000, 0x0000000088b00000|  0%| F|  |TAMS 0x0000000088a00000, 0x0000000088a00000| Untracked 
|  37|0x0000000088b00000, 0x0000000088b42bf0, 0x0000000088c00000| 26%| S|CS|TAMS 0x0000000088b00000, 0x0000000088b00000| Complete 
|  38|0x0000000088c00000, 0x0000000088c00000, 0x0000000088d00000|  0%| F|  |TAMS 0x0000000088c00000, 0x0000000088c00000| Untracked 
|  39|0x0000000088d00000, 0x0000000088d00000, 0x0000000088e00000|  0%| F|  |TAMS 0x0000000088d00000, 0x0000000088d00000| Untracked 
|  40|0x0000000088e00000, 0x0000000088e00000, 0x0000000088f00000|  0%| F|  |TAMS 0x0000000088e00000, 0x0000000088e00000| Untracked 
|  41|0x0000000088f00000, 0x0000000089000000, 0x0000000089000000|100%| S|CS|TAMS 0x0000000088f00000, 0x0000000088f00000| Complete 
|  42|0x0000000089000000, 0x0000000089100000, 0x0000000089100000|100%| S|CS|TAMS 0x0000000089000000, 0x0000000089000000| Complete 
|  43|0x0000000089100000, 0x0000000089200000, 0x0000000089200000|100%| S|CS|TAMS 0x0000000089100000, 0x0000000089100000| Complete 
|  44|0x0000000089200000, 0x0000000089200000, 0x0000000089300000|  0%| F|  |TAMS 0x0000000089200000, 0x0000000089200000| Untracked 
|  45|0x0000000089300000, 0x0000000089300000, 0x0000000089400000|  0%| F|  |TAMS 0x0000000089300000, 0x0000000089300000| Untracked 
|  46|0x0000000089400000, 0x0000000089400000, 0x0000000089500000|  0%| F|  |TAMS 0x0000000089400000, 0x0000000089400000| Untracked 
|  47|0x0000000089500000, 0x0000000089500000, 0x0000000089600000|  0%| F|  |TAMS 0x0000000089500000, 0x0000000089500000| Untracked 
|  48|0x0000000089600000, 0x0000000089600000, 0x0000000089700000|  0%| F|  |TAMS 0x0000000089600000, 0x0000000089600000| Untracked 
|  49|0x0000000089700000, 0x0000000089700000, 0x0000000089800000|  0%| F|  |TAMS 0x0000000089700000, 0x0000000089700000| Untracked 
|  50|0x0000000089800000, 0x0000000089800000, 0x0000000089900000|  0%| F|  |TAMS 0x0000000089800000, 0x0000000089800000| Untracked 
|  51|0x0000000089900000, 0x0000000089900000, 0x0000000089a00000|  0%| F|  |TAMS 0x0000000089900000, 0x0000000089900000| Untracked 
|  52|0x0000000089a00000, 0x0000000089a00000, 0x0000000089b00000|  0%| F|  |TAMS 0x0000000089a00000, 0x0000000089a00000| Untracked 
|  53|0x0000000089b00000, 0x0000000089b00000, 0x0000000089c00000|  0%| F|  |TAMS 0x0000000089b00000, 0x0000000089b00000| Untracked 
|  54|0x0000000089c00000, 0x0000000089c00000, 0x0000000089d00000|  0%| F|  |TAMS 0x0000000089c00000, 0x0000000089c00000| Untracked 
|  55|0x0000000089d00000, 0x0000000089d00000, 0x0000000089e00000|  0%| F|  |TAMS 0x0000000089d00000, 0x0000000089d00000| Untracked 
|  56|0x0000000089e00000, 0x0000000089e00000, 0x0000000089f00000|  0%| F|  |TAMS 0x0000000089e00000, 0x0000000089e00000| Untracked 
|  57|0x0000000089f00000, 0x0000000089f00000, 0x000000008a000000|  0%| F|  |TAMS 0x0000000089f00000, 0x0000000089f00000| Untracked 
|  58|0x000000008a000000, 0x000000008a000000, 0x000000008a100000|  0%| F|  |TAMS 0x000000008a000000, 0x000000008a000000| Untracked 
|  59|0x000000008a100000, 0x000000008a100000, 0x000000008a200000|  0%| F|  |TAMS 0x000000008a100000, 0x000000008a100000| Untracked 
|  60|0x000000008a200000, 0x000000008a200000, 0x000000008a300000|  0%| F|  |TAMS 0x000000008a200000, 0x000000008a200000| Untracked 
|  61|0x000000008a300000, 0x000000008a300000, 0x000000008a400000|  0%| F|  |TAMS 0x000000008a300000, 0x000000008a300000| Untracked 
|  62|0x000000008a400000, 0x000000008a400000, 0x000000008a500000|  0%| F|  |TAMS 0x000000008a400000, 0x000000008a400000| Untracked 
|  63|0x000000008a500000, 0x000000008a500000, 0x000000008a600000|  0%| F|  |TAMS 0x000000008a500000, 0x000000008a500000| Untracked 
|  64|0x000000008a600000, 0x000000008a600000, 0x000000008a700000|  0%| F|  |TAMS 0x000000008a600000, 0x000000008a600000| Untracked 
|  65|0x000000008a700000, 0x000000008a700000, 0x000000008a800000|  0%| F|  |TAMS 0x000000008a700000, 0x000000008a700000| Untracked 
|  66|0x000000008a800000, 0x000000008a800000, 0x000000008a900000|  0%| F|  |TAMS 0x000000008a800000, 0x000000008a800000| Untracked 
|  67|0x000000008a900000, 0x000000008a900000, 0x000000008aa00000|  0%| F|  |TAMS 0x000000008a900000, 0x000000008a900000| Untracked 
| 149|0x000000008fb00000, 0x000000008fb00000, 0x000000008fc00000|  0%| F|  |TAMS 0x000000008fb00000, 0x000000008fb00000| Untracked 

Card table byte_map: [0x000001fb445d0000,0x000001fb449a0000] _byte_map_base: 0x000001fb4419d000

Marking Bits (Prev, Next): (CMBitMap*) 0x000001fb2cd39598, (CMBitMap*) 0x000001fb2cd39558
 Prev Bits: [0x000001fb46be0000, 0x000001fb48a48000)
 Next Bits: [0x000001fb44d70000, 0x000001fb46bd8000)

Polling page: 0x000001fb2ab00000

Metaspace:

Usage:
  Non-class:     49.25 MB capacity,    48.25 MB ( 98%) used,   826.63 KB (  2%) free+waste,   201.38 KB ( <1%) overhead. 
      Class:      7.96 MB capacity,     7.30 MB ( 92%) used,   574.01 KB (  7%) free+waste,    94.88 KB (  1%) overhead. 
       Both:     57.21 MB capacity,    55.55 MB ( 97%) used,     1.37 MB (  2%) free+waste,   296.25 KB ( <1%) overhead. 

Virtual space:
  Non-class space:       50.00 MB reserved,      49.46 MB ( 99%) committed 
      Class space:        1.00 GB reserved,       8.00 MB ( <1%) committed 
             Both:        1.05 GB reserved,      57.45 MB (  5%) committed 

Chunk freelists:
   Non-Class:  19.00 KB
       Class:  0 bytes
        Both:  19.00 KB

MaxMetaspaceSize: 17179869184.00 GB
CompressedClassSpaceSize: 1.00 GB

CodeHeap 'non-profiled nmethods': size=120000Kb used=3392Kb max_used=3428Kb free=116607Kb
 bounds [0x000001fb3ccd0000, 0x000001fb3d060000, 0x000001fb44200000]
CodeHeap 'profiled nmethods': size=120000Kb used=12146Kb max_used=12204Kb free=107853Kb
 bounds [0x000001fb357a0000, 0x000001fb36390000, 0x000001fb3ccd0000]
CodeHeap 'non-nmethods': size=5760Kb used=1305Kb max_used=1359Kb free=4454Kb
 bounds [0x000001fb35200000, 0x000001fb35470000, 0x000001fb357a0000]
 total_blobs=8366 nmethods=5471 adapters=495
 compilation: enabled
              stopped_count=0, restarted_count=0
 full_count=0

Compilation events (20 events):
Event: 15.908 Thread 0x000001fb4b04d000 6144       2       org.springframework.context.support.AbstractApplicationContext::assertBeanFactoryActive (81 bytes)
Event: 15.909 Thread 0x000001fb4b04d000 nmethod 6144 0x000001fb35d3cc90 code [0x000001fb35d3cf00, 0x000001fb35d3d740]
Event: 15.910 Thread 0x000001fb4b04d000 6145       2       org.springframework.context.support.AbstractApplicationContext::getType (15 bytes)
Event: 15.910 Thread 0x000001fb4b04d000 nmethod 6145 0x000001fb35d3c710 code [0x000001fb35d3c8e0, 0x000001fb35d3cb30]
Event: 15.910 Thread 0x000001fb4b04d000 6146   !   2       org.springframework.web.servlet.handler.AbstractHandlerMethodMapping::processCandidateBean (81 bytes)
Event: 15.912 Thread 0x000001fb4b04d000 nmethod 6146 0x000001fb35d3b810 code [0x000001fb35d3baa0, 0x000001fb35d3c1f0]
Event: 15.912 Thread 0x000001fb4b04d000 6147       2       org.springframework.web.servlet.mvc.method.annotation.RequestMappingHandlerMapping::isHandler (24 bytes)
Event: 15.912 Thread 0x000001fb4b04d000 nmethod 6147 0x000001fb35d3b390 code [0x000001fb35d3b540, 0x000001fb35d3b740]
Event: 15.927 Thread 0x000001fb4b04d000 6149   !   2       org.springframework.beans.factory.support.DefaultSingletonBeanRegistry::registerDependentBean (115 bytes)
Event: 15.928 Thread 0x000001fb4b04d000 nmethod 6149 0x000001fb35d3a610 code [0x000001fb35d3a820, 0x000001fb35d3b050]
Event: 15.928 Thread 0x000001fb4b04d000 6150       2       org.springframework.core.annotation.AnnotationAwareOrderComparator::findOrderFromAnnotation (63 bytes)
Event: 15.928 Thread 0x000001fb4b04d000 nmethod 6150 0x000001fb35d39b90 code [0x000001fb35d39da0, 0x000001fb35d3a380]
Event: 15.929 Thread 0x000001fb4b04d000 6151       1       org.apache.catalina.LifecycleState::isAvailable (5 bytes)
Event: 15.929 Thread 0x000001fb4b04d000 nmethod 6151 0x000001fb3cdcac10 code [0x000001fb3cdcada0, 0x000001fb3cdcaed8]
Event: 15.935 Thread 0x000001fb4b04d000 6152       2       org.springframework.context.annotation.ConfigurationClassPostProcessor$ImportAwareBeanPostProcessor::postProcessProperties (22 bytes)
Event: 15.936 Thread 0x000001fb4b04d000 nmethod 6152 0x000001fb35d39690 code [0x000001fb35d39840, 0x000001fb35d39ad0]
Event: 15.944 Thread 0x000001fb4b04d000 6153       2       org.springframework.boot.web.server.WebServerFactoryCustomizerBeanPostProcessor::postProcessAfterInitialization (2 bytes)
Event: 15.944 Thread 0x000001fb4b04d000 nmethod 6153 0x000001fb35cb0490 code [0x000001fb35cb0620, 0x000001fb35cb0798]
Event: 15.944 Thread 0x000001fb4b04d000 6154       2       org.springframework.boot.web.server.ErrorPageRegistrarBeanPostProcessor::postProcessAfterInitialization (2 bytes)
Event: 15.944 Thread 0x000001fb4b04d000 nmethod 6154 0x000001fb35d39310 code [0x000001fb35d394a0, 0x000001fb35d39618]

GC Heap History (20 events):
Event: 10.277 GC heap before
{Heap before GC invocations=16 (full 0):
 garbage-first heap   total 48128K, used 21917K [0x0000000086600000, 0x0000000100000000)
  region size 1024K, 7 young (7168K), 2 survivors (2048K)
 Metaspace       used 34738K, capacity 35870K, committed 36048K, reserved 1081344K
  class space    used 4564K, capacity 5002K, committed 5116K, reserved 1048576K
}
Event: 10.283 GC heap after
{Heap after GC invocations=17 (full 0):
 garbage-first heap   total 48128K, used 17980K [0x0000000086600000, 0x0000000100000000)
  region size 1024K, 1 young (1024K), 1 survivors (1024K)
 Metaspace       used 34738K, capacity 35870K, committed 36048K, reserved 1081344K
  class space    used 4564K, capacity 5002K, committed 5116K, reserved 1048576K
}
Event: 10.663 GC heap before
{Heap before GC invocations=18 (full 0):
 garbage-first heap   total 48128K, used 31292K [0x0000000086600000, 0x0000000100000000)
  region size 1024K, 14 young (14336K), 1 survivors (1024K)
 Metaspace       used 37430K, capacity 38681K, committed 38864K, reserved 1083392K
  class space    used 4880K, capacity 5342K, committed 5372K, reserved 1048576K
}
Event: 10.669 GC heap after
{Heap after GC invocations=19 (full 0):
 garbage-first heap   total 58368K, used 19735K [0x0000000086600000, 0x0000000100000000)
  region size 1024K, 2 young (2048K), 2 survivors (2048K)
 Metaspace       used 37430K, capacity 38681K, committed 38864K, reserved 1083392K
  class space    used 4880K, capacity 5342K, committed 5372K, reserved 1048576K
}
Event: 11.441 GC heap before
{Heap before GC invocations=20 (full 0):
 garbage-first heap   total 58368K, used 37143K [0x0000000086600000, 0x0000000100000000)
  region size 1024K, 19 young (19456K), 2 survivors (2048K)
 Metaspace       used 40951K, capacity 42241K, committed 42448K, reserved 1085440K
  class space    used 5317K, capacity 5802K, committed 5884K, reserved 1048576K
}
Event: 11.447 GC heap after
{Heap after GC invocations=21 (full 0):
 garbage-first heap   total 58368K, used 21297K [0x0000000086600000, 0x0000000100000000)
  region size 1024K, 3 young (3072K), 3 survivors (3072K)
 Metaspace       used 40951K, capacity 42241K, committed 42448K, reserved 1085440K
  class space    used 5317K, capacity 5802K, committed 5884K, reserved 1048576K
}
Event: 12.065 GC heap before
{Heap before GC invocations=21 (full 0):
 garbage-first heap   total 58368K, used 36657K [0x0000000086600000, 0x0000000100000000)
  region size 1024K, 19 young (19456K), 3 survivors (3072K)
 Metaspace       used 44421K, capacity 45642K, committed 45776K, reserved 1089536K
  class space    used 5881K, capacity 6358K, committed 6396K, reserved 1048576K
}
Event: 12.071 GC heap after
{Heap after GC invocations=22 (full 0):
 garbage-first heap   total 58368K, used 22078K [0x0000000086600000, 0x0000000100000000)
  region size 1024K, 3 young (3072K), 3 survivors (3072K)
 Metaspace       used 44421K, capacity 45642K, committed 45776K, reserved 1089536K
  class space    used 5881K, capacity 6358K, committed 6396K, reserved 1048576K
}
Event: 12.580 GC heap before
{Heap before GC invocations=22 (full 0):
 garbage-first heap   total 58368K, used 38462K [0x0000000086600000, 0x0000000100000000)
  region size 1024K, 19 young (19456K), 3 survivors (3072K)
 Metaspace       used 46559K, capacity 47828K, committed 47952K, reserved 1091584K
  class space    used 6177K, capacity 6661K, committed 6780K, reserved 1048576K
}
Event: 12.586 GC heap after
{Heap after GC invocations=23 (full 0):
 garbage-first heap   total 58368K, used 22658K [0x0000000086600000, 0x0000000100000000)
  region size 1024K, 2 young (2048K), 2 survivors (2048K)
 Metaspace       used 46559K, capacity 47828K, committed 47952K, reserved 1091584K
  class space    used 6177K, capacity 6661K, committed 6780K, reserved 1048576K
}
Event: 13.461 GC heap before
{Heap before GC invocations=23 (full 0):
 garbage-first heap   total 58368K, used 40066K [0x0000000086600000, 0x0000000100000000)
  region size 1024K, 19 young (19456K), 2 survivors (2048K)
 Metaspace       used 48985K, capacity 50317K, committed 50512K, reserved 1093632K
  class space    used 6469K, capacity 7002K, committed 7036K, reserved 1048576K
}
Event: 13.466 GC heap after
{Heap after GC invocations=24 (full 0):
 garbage-first heap   total 70656K, used 23500K [0x0000000086600000, 0x0000000100000000)
  region size 1024K, 3 young (3072K), 3 survivors (3072K)
 Metaspace       used 48985K, capacity 50317K, committed 50512K, reserved 1093632K
  class space    used 6469K, capacity 7002K, committed 7036K, reserved 1048576K
}
Event: 13.929 GC heap before
{Heap before GC invocations=24 (full 0):
 garbage-first heap   total 70656K, used 46028K [0x0000000086600000, 0x0000000100000000)
  region size 1024K, 25 young (25600K), 3 survivors (3072K)
 Metaspace       used 51006K, capacity 52528K, committed 52688K, reserved 1095680K
  class space    used 6748K, capacity 7351K, committed 7420K, reserved 1048576K
}
Event: 13.935 GC heap after
{Heap after GC invocations=25 (full 0):
 garbage-first heap   total 70656K, used 24387K [0x0000000086600000, 0x0000000100000000)
  region size 1024K, 3 young (3072K), 3 survivors (3072K)
 Metaspace       used 51006K, capacity 52528K, committed 52688K, reserved 1095680K
  class space    used 6748K, capacity 7351K, committed 7420K, reserved 1048576K
}
Event: 14.618 GC heap before
{Heap before GC invocations=25 (full 0):
 garbage-first heap   total 70656K, used 47939K [0x0000000086600000, 0x0000000100000000)
  region size 1024K, 26 young (26624K), 3 survivors (3072K)
 Metaspace       used 52016K, capacity 53555K, committed 53840K, reserved 1095680K
  class space    used 6870K, capacity 7473K, committed 7548K, reserved 1048576K
}
Event: 14.625 GC heap after
{Heap after GC invocations=26 (full 0):
 garbage-first heap   total 70656K, used 25677K [0x0000000086600000, 0x0000000100000000)
  region size 1024K, 4 young (4096K), 4 survivors (4096K)
 Metaspace       used 52016K, capacity 53555K, committed 53840K, reserved 1095680K
  class space    used 6870K, capacity 7473K, committed 7548K, reserved 1048576K
}
Event: 14.995 GC heap before
{Heap before GC invocations=26 (full 0):
 garbage-first heap   total 70656K, used 49229K [0x0000000086600000, 0x0000000100000000)
  region size 1024K, 27 young (27648K), 4 survivors (4096K)
 Metaspace       used 52981K, capacity 54466K, committed 54736K, reserved 1095680K
  class space    used 6962K, capacity 7554K, committed 7676K, reserved 1048576K
}
Event: 15.002 GC heap after
{Heap after GC invocations=27 (full 0):
 garbage-first heap   total 70656K, used 26551K [0x0000000086600000, 0x0000000100000000)
  region size 1024K, 3 young (3072K), 3 survivors (3072K)
 Metaspace       used 52981K, capacity 54466K, committed 54736K, reserved 1095680K
  class space    used 6962K, capacity 7554K, committed 7676K, reserved 1048576K
}
Event: 15.449 GC heap before
{Heap before GC invocations=27 (full 0):
 garbage-first heap   total 70656K, used 51127K [0x0000000086600000, 0x0000000100000000)
  region size 1024K, 28 young (28672K), 3 survivors (3072K)
 Metaspace       used 54944K, capacity 56554K, committed 56784K, reserved 1097728K
  class space    used 7219K, capacity 7864K, committed 7932K, reserved 1048576K
}
Event: 15.456 GC heap after
{Heap after GC invocations=28 (full 0):
 garbage-first heap   total 70656K, used 27406K [0x0000000086600000, 0x0000000100000000)
  region size 1024K, 3 young (3072K), 3 survivors (3072K)
 Metaspace       used 54944K, capacity 56554K, committed 56784K, reserved 1097728K
  class space    used 7219K, capacity 7864K, committed 7932K, reserved 1048576K
}

Deoptimization events (20 events):
Event: 15.635 Thread 0x000001fb4c418800 DEOPT PACKING pc=0x000001fb358f1fdc sp=0x00000061473f7000
Event: 15.635 Thread 0x000001fb4c418800 DEOPT UNPACKING pc=0x000001fb3524964e sp=0x00000061473f64e0 mode 0
Event: 15.638 Thread 0x000001fb4c418800 DEOPT PACKING pc=0x000001fb3634f7d8 sp=0x00000061473f8a30
Event: 15.638 Thread 0x000001fb4c418800 DEOPT UNPACKING pc=0x000001fb3524964e sp=0x00000061473f7f40 mode 0
Event: 15.638 Thread 0x000001fb4c418800 DEOPT PACKING pc=0x000001fb36346389 sp=0x00000061473f89f0
Event: 15.638 Thread 0x000001fb4c418800 DEOPT UNPACKING pc=0x000001fb3524964e sp=0x00000061473f7f40 mode 0
Event: 15.662 Thread 0x000001fb4c418800 DEOPT PACKING pc=0x000001fb3619fefe sp=0x00000061473f9620
Event: 15.662 Thread 0x000001fb4c418800 DEOPT UNPACKING pc=0x000001fb3524964e sp=0x00000061473f8a88 mode 0
Event: 15.717 Thread 0x000001fb4c418800 DEOPT PACKING pc=0x000001fb358f1fdc sp=0x00000061473fb510
Event: 15.717 Thread 0x000001fb4c418800 DEOPT UNPACKING pc=0x000001fb3524964e sp=0x00000061473fa9f0 mode 0
Event: 15.801 Thread 0x000001fb4c418800 DEOPT PACKING pc=0x000001fb358f1fdc sp=0x00000061473fcc60
Event: 15.801 Thread 0x000001fb4c418800 DEOPT UNPACKING pc=0x000001fb3524964e sp=0x00000061473fc140 mode 0
Event: 15.874 Thread 0x000001fb4c418800 DEOPT PACKING pc=0x000001fb3619fefe sp=0x00000061473fc460
Event: 15.874 Thread 0x000001fb4c418800 DEOPT UNPACKING pc=0x000001fb3524964e sp=0x00000061473fb8c8 mode 0
Event: 15.905 Thread 0x000001fb4c418800 DEOPT PACKING pc=0x000001fb35dd2efe sp=0x00000061473fd2d0
Event: 15.905 Thread 0x000001fb4c418800 DEOPT UNPACKING pc=0x000001fb3524964e sp=0x00000061473fc790 mode 0
Event: 15.922 Thread 0x000001fb4c418800 DEOPT PACKING pc=0x000001fb358f1fdc sp=0x00000061473fcb70
Event: 15.922 Thread 0x000001fb4c418800 DEOPT UNPACKING pc=0x000001fb3524964e sp=0x00000061473fc050 mode 0
Event: 15.924 Thread 0x000001fb4c418800 DEOPT PACKING pc=0x000001fb35dd2efe sp=0x00000061473fcbb0
Event: 15.924 Thread 0x000001fb4c418800 DEOPT UNPACKING pc=0x000001fb3524964e sp=0x00000061473fc070 mode 0

Classes unloaded (0 events):
No events

Classes redefined (0 events):
No events

Internal exceptions (20 events):
Event: 14.504 Thread 0x000001fb4c418800 Exception <a 'java/lang/ClassNotFoundException'{0x0000000089a667e0}: com/booking/model/CountryCustomizer> (0x0000000089a667e0) 
thrown [t:/workspace/open/src/hotspot/share/classfile/systemDictionary.cpp, line 232]
Event: 14.512 Thread 0x000001fb4c418800 Exception <a 'java/lang/ClassNotFoundException'{0x0000000089aab390}: java/lang/ObjectCustomizer> (0x0000000089aab390) 
thrown [t:/workspace/open/src/hotspot/share/classfile/systemDictionary.cpp, line 232]
Event: 14.513 Thread 0x000001fb4c418800 Exception <a 'java/lang/ClassNotFoundException'{0x0000000089abe188}: com/booking/model/HotelImageCustomizer> (0x0000000089abe188) 
thrown [t:/workspace/open/src/hotspot/share/classfile/systemDictionary.cpp, line 232]
Event: 14.520 Thread 0x000001fb4c418800 Exception <a 'java/lang/ClassNotFoundException'{0x0000000089af1148}: java/lang/ObjectCustomizer> (0x0000000089af1148) 
thrown [t:/workspace/open/src/hotspot/share/classfile/systemDictionary.cpp, line 232]
Event: 14.521 Thread 0x000001fb4c418800 Exception <a 'java/lang/ClassNotFoundException'{0x0000000089905100}: com/booking/model/CategoryEquipmentCustomizer> (0x0000000089905100) 
thrown [t:/workspace/open/src/hotspot/share/classfile/systemDictionary.cpp, line 232]
Event: 14.526 Thread 0x000001fb4c418800 Exception <a 'java/lang/ClassNotFoundException'{0x0000000089930088}: java/lang/ObjectCustomizer> (0x0000000089930088) 
thrown [t:/workspace/open/src/hotspot/share/classfile/systemDictionary.cpp, line 232]
Event: 14.528 Thread 0x000001fb4c418800 Exception <a 'java/lang/ClassNotFoundException'{0x0000000089943288}: com/booking/model/EquipmentCustomizer> (0x0000000089943288) 
thrown [t:/workspace/open/src/hotspot/share/classfile/systemDictionary.cpp, line 232]
Event: 14.539 Thread 0x000001fb4c418800 Exception <a 'java/lang/ClassNotFoundException'{0x0000000089988e18}: java/lang/ObjectCustomizer> (0x0000000089988e18) 
thrown [t:/workspace/open/src/hotspot/share/classfile/systemDictionary.cpp, line 232]
Event: 14.540 Thread 0x000001fb4c418800 Exception <a 'java/lang/ClassNotFoundException'{0x000000008999b2d0}: com/booking/model/RoomImageCustomizer> (0x000000008999b2d0) 
thrown [t:/workspace/open/src/hotspot/share/classfile/systemDictionary.cpp, line 232]
Event: 15.241 Thread 0x000001fb4c418800 Exception <a 'java/lang/ClassNotFoundException'{0x0000000089c0d840}: java/lang/ObjectCustomizer> (0x0000000089c0d840) 
thrown [t:/workspace/open/src/hotspot/share/classfile/systemDictionary.cpp, line 232]
Event: 15.242 Thread 0x000001fb4c418800 Exception <a 'java/lang/ClassNotFoundException'{0x0000000089c26658}: org/springframework/security/config/annotation/web/configuration/WebSecurityConfigurationCustomizer> (0x0000000089c26658) 
thrown [t:/workspace/open/src/hotspot/share/classfile/systemDictionary.cpp, line 232]
Event: 15.244 Thread 0x000001fb4c418800 Exception <a 'java/lang/ClassNotFoundException'{0x0000000089c42198}: org/springframework/context/annotation/ImportAwareCustomizer> (0x0000000089c42198) 
thrown [t:/workspace/open/src/hotspot/share/classfile/systemDictionary.cpp, line 232]
Event: 15.245 Thread 0x000001fb4c418800 Exception <a 'java/lang/ClassNotFoundException'{0x0000000089c51a68}: org/springframework/beans/factory/AwareCustomizer> (0x0000000089c51a68) 
thrown [t:/workspace/open/src/hotspot/share/classfile/systemDictionary.cpp, line 232]
Event: 15.246 Thread 0x000001fb4c418800 Exception <a 'java/lang/ClassNotFoundException'{0x0000000089c625b8}: org/springframework/beans/factory/BeanClassLoaderAwareCustomizer> (0x0000000089c625b8) 
thrown [t:/workspace/open/src/hotspot/share/classfile/systemDictionary.cpp, line 232]
Event: 15.247 Thread 0x000001fb4c418800 Exception <a 'java/lang/ClassNotFoundException'{0x0000000089c71e98}: org/springframework/beans/factory/AwareCustomizer> (0x0000000089c71e98) 
thrown [t:/workspace/open/src/hotspot/share/classfile/systemDictionary.cpp, line 232]
Event: 15.309 Thread 0x000001fb4c418800 Implicit null exception at 0x000001fb3cdb38bd to 0x000001fb3cdb3978
Event: 15.499 Thread 0x000001fb4c418800 Exception <a 'java/lang/ClassNotFoundException'{0x000000008a830458}: java/lang/ObjectCustomizer> (0x000000008a830458) 
thrown [t:/workspace/open/src/hotspot/share/classfile/systemDictionary.cpp, line 232]
Event: 15.500 Thread 0x000001fb4c418800 Exception <a 'java/lang/ClassNotFoundException'{0x000000008a849288}: org/springframework/security/config/annotation/web/configuration/HttpSecurityConfigurationCustomizer> (0x000000008a849288) 
thrown [t:/workspace/open/src/hotspot/share/classfile/systemDictionary.cpp, line 232]
Event: 15.711 Thread 0x000001fb4c418800 Exception <a 'java/lang/NoSuchMethodError'{0x0000000089d00f18}: 'void java.lang.invoke.DirectMethodHandle$Holder.invokeVirtual(java.lang.Object, java.lang.Object, int)'> (0x0000000089d00f18) 
thrown [t:/workspace/open/src/hotspot/share/interpreter/linkResolver.cpp, line 767]
Event: 15.714 Thread 0x000001fb4c418800 Exception <a 'java/lang/NoSuchMethodError'{0x0000000089d19ac0}: 'void java.lang.invoke.DirectMethodHandle$Holder.invokeVirtual(java.lang.Object, java.lang.Object, long)'> (0x0000000089d19ac0) 
thrown [t:/workspace/open/src/hotspot/share/interpreter/linkResolver.cpp, line 767]

Events (20 events):
Event: 15.931 loading class com/samskivert/mustache/Template
Event: 15.931 loading class com/samskivert/mustache/Template done
Event: 15.932 loading class com/samskivert/mustache$Template
Event: 15.932 loading class com/samskivert/mustache$Template done
Event: 15.932 loading class groovy/text/TemplateEngine
Event: 15.932 loading class groovy/text/TemplateEngine done
Event: 15.933 loading class groovy/text$TemplateEngine
Event: 15.933 loading class groovy/text$TemplateEngine done
Event: 15.933 loading class org/thymeleaf/spring5/SpringTemplateEngine
Event: 15.933 loading class org/thymeleaf/spring5/SpringTemplateEngine done
Event: 15.934 loading class org/thymeleaf/spring5$SpringTemplateEngine
Event: 15.934 loading class org/thymeleaf/spring5$SpringTemplateEngine done
Event: 15.934 loading class org/apache/jasper/compiler/JspConfig
Event: 15.934 loading class org/apache/jasper/compiler/JspConfig done
Event: 15.934 loading class org/apache/jasper/compiler$JspConfig
Event: 15.934 loading class org/apache/jasper/compiler$JspConfig done
Event: 15.935 loading class org/springframework/http/server/RequestPath
Event: 15.935 loading class org/springframework/http/server/RequestPath done
Event: 15.944 loading class org/springframework/web/servlet/i18n/AcceptHeaderLocaleResolver
Event: 15.944 loading class org/springframework/web/servlet/i18n/AcceptHeaderLocaleResolver done


Dynamic libraries:
0x00007ff732ee0000 - 0x00007ff732eef000 	C:\Program Files\Java\jdk-13.0.2\bin\java.exe
0x00007ffc7a2d0000 - 0x00007ffc7a4c5000 	C:\WINDOWS\SYSTEM32\ntdll.dll
0x00007ffc78690000 - 0x00007ffc7874d000 	C:\WINDOWS\System32\KERNEL32.DLL
0x00007ffc77e30000 - 0x00007ffc780f8000 	C:\WINDOWS\System32\KERNELBASE.dll
0x00007ffc77c20000 - 0x00007ffc77d20000 	C:\WINDOWS\System32\ucrtbase.dll
0x00007ffc728d0000 - 0x00007ffc728e5000 	C:\Program Files\Java\jdk-13.0.2\bin\VCRUNTIME140.dll
0x00007ffc728b0000 - 0x00007ffc728c8000 	C:\Program Files\Java\jdk-13.0.2\bin\jli.dll
0x00007ffc79e40000 - 0x00007ffc79eec000 	C:\WINDOWS\System32\ADVAPI32.dll
0x00007ffc79c90000 - 0x00007ffc79d2e000 	C:\WINDOWS\System32\msvcrt.dll
0x00007ffc784d0000 - 0x00007ffc7856b000 	C:\WINDOWS\System32\sechost.dll
0x00007ffc78cc0000 - 0x00007ffc78deb000 	C:\WINDOWS\System32\RPCRT4.dll
0x00007ffc79ac0000 - 0x00007ffc79c60000 	C:\WINDOWS\System32\USER32.dll
0x00007ffc78190000 - 0x00007ffc781b2000 	C:\WINDOWS\System32\win32u.dll
0x00007ffc79c60000 - 0x00007ffc79c8a000 	C:\WINDOWS\System32\GDI32.dll
0x00007ffc77d20000 - 0x00007ffc77e2b000 	C:\WINDOWS\System32\gdi32full.dll
0x00007ffc781c0000 - 0x00007ffc7825d000 	C:\WINDOWS\System32\msvcp_win.dll
0x00007ffc65770000 - 0x00007ffc65a0a000 	C:\WINDOWS\WinSxS\amd64_microsoft.windows.common-controls_6595b64144ccf1df_6.0.19041.1052_none_60b8f8fd71f5e8cb\COMCTL32.dll
0x00007ffc6a680000 - 0x00007ffc6a68a000 	C:\WINDOWS\SYSTEM32\VERSION.dll
0x00007ffc79d30000 - 0x00007ffc79d60000 	C:\WINDOWS\System32\IMM32.DLL
0x00007ffc4f5c0000 - 0x00007ffc4f65b000 	C:\Program Files\Java\jdk-13.0.2\bin\msvcp140.dll
0x00007ffc2d1f0000 - 0x00007ffc2dd4d000 	C:\Program Files\Java\jdk-13.0.2\bin\server\jvm.dll
0x00007ffc784c0000 - 0x00007ffc784c8000 	C:\WINDOWS\System32\PSAPI.DLL
0x00007ffc73770000 - 0x00007ffc73779000 	C:\WINDOWS\SYSTEM32\WSOCK32.dll
0x00007ffc796c0000 - 0x00007ffc7972b000 	C:\WINDOWS\System32\WS2_32.dll
0x00007ffc6a590000 - 0x00007ffc6a5b7000 	C:\WINDOWS\SYSTEM32\WINMM.dll
0x00007ffc75880000 - 0x00007ffc75892000 	C:\WINDOWS\SYSTEM32\kernel.appcore.dll
0x00007ffc73890000 - 0x00007ffc738a0000 	C:\Program Files\Java\jdk-13.0.2\bin\verify.dll
0x00007ffc5bcf0000 - 0x00007ffc5bed4000 	C:\WINDOWS\SYSTEM32\DBGHELP.DLL
0x00007ffc61570000 - 0x00007ffc6159c000 	C:\WINDOWS\SYSTEM32\dbgcore.DLL
0x00007ffc78100000 - 0x00007ffc78183000 	C:\WINDOWS\System32\bcryptPrimitives.dll
0x00007ffc6ce00000 - 0x00007ffc6ce26000 	C:\Program Files\Java\jdk-13.0.2\bin\java.dll
0x00007ffc72f50000 - 0x00007ffc72f5e000 	C:\Program Files\Java\jdk-13.0.2\bin\instrument.dll
0x00007ffc6cdb0000 - 0x00007ffc6cdc7000 	C:\Program Files\Java\jdk-13.0.2\bin\zip.dll
0x00007ffc70700000 - 0x00007ffc7070a000 	C:\Program Files\Java\jdk-13.0.2\bin\jimage.dll
0x00007ffc78f80000 - 0x00007ffc796bf000 	C:\WINDOWS\System32\SHELL32.dll
0x00007ffc75b60000 - 0x00007ffc762f0000 	C:\WINDOWS\SYSTEM32\windows.storage.dll
0x00007ffc79760000 - 0x00007ffc79ab5000 	C:\WINDOWS\System32\combase.dll
0x00007ffc773b0000 - 0x00007ffc773dc000 	C:\WINDOWS\SYSTEM32\Wldp.dll
0x00007ffc78410000 - 0x00007ffc784be000 	C:\WINDOWS\System32\SHCORE.dll
0x00007ffc79fa0000 - 0x00007ffc79ff5000 	C:\WINDOWS\System32\shlwapi.dll
0x00007ffc77950000 - 0x00007ffc7796f000 	C:\WINDOWS\SYSTEM32\profapi.dll
0x00007ffc6cd90000 - 0x00007ffc6cda9000 	C:\Program Files\Java\jdk-13.0.2\bin\net.dll
0x00007ffc72360000 - 0x00007ffc7246b000 	C:\WINDOWS\SYSTEM32\WINHTTP.dll
0x00007ffc77120000 - 0x00007ffc7718a000 	C:\WINDOWS\system32\mswsock.dll
0x00007ffc6cd00000 - 0x00007ffc6cd13000 	C:\Program Files\Java\jdk-13.0.2\bin\nio.dll
0x00007ffc5eb80000 - 0x00007ffc5eb9a000 	C:\Program Files\JetBrains\IntelliJ IDEA Community Edition 2021.2\bin\breakgen64.dll
0x00007ffc70440000 - 0x00007ffc70449000 	C:\Program Files\Java\jdk-13.0.2\bin\management.dll
0x00007ffc6cdf0000 - 0x00007ffc6cdfb000 	C:\Program Files\Java\jdk-13.0.2\bin\management_ext.dll
0x00007ffc67fc0000 - 0x00007ffc67fd7000 	C:\WINDOWS\system32\napinsp.dll
0x00007ffc58220000 - 0x00007ffc5823b000 	C:\WINDOWS\system32\pnrpnsp.dll
0x00007ffc55d50000 - 0x00007ffc55d65000 	C:\WINDOWS\system32\wshbth.dll
0x00007ffc73790000 - 0x00007ffc737ad000 	C:\WINDOWS\system32\NLAapi.dll
0x00007ffc76e10000 - 0x00007ffc76e4b000 	C:\WINDOWS\SYSTEM32\IPHLPAPI.DLL
0x00007ffc76e50000 - 0x00007ffc76f1c000 	C:\WINDOWS\SYSTEM32\DNSAPI.dll
0x00007ffc79750000 - 0x00007ffc79758000 	C:\WINDOWS\System32\NSI.dll
0x00007ffc51f80000 - 0x00007ffc51f92000 	C:\WINDOWS\System32\winrnr.dll
0x00007ffc6e130000 - 0x00007ffc6e13a000 	C:\Windows\System32\rasadhlp.dll
0x00007ffc6f2d0000 - 0x00007ffc6f34f000 	C:\WINDOWS\System32\fwpuclnt.dll
0x00007ffc78310000 - 0x00007ffc78337000 	C:\WINDOWS\System32\bcrypt.dll
0x00007ffc772f0000 - 0x00007ffc77308000 	C:\WINDOWS\SYSTEM32\CRYPTSP.dll
0x00007ffc76ac0000 - 0x00007ffc76af4000 	C:\WINDOWS\system32\rsaenh.dll
0x00007ffc77910000 - 0x00007ffc7793e000 	C:\WINDOWS\SYSTEM32\USERENV.dll
0x00007ffc77310000 - 0x00007ffc7731c000 	C:\WINDOWS\SYSTEM32\CRYPTBASE.dll
0x00007ffc713b0000 - 0x00007ffc713c7000 	C:\WINDOWS\SYSTEM32\dhcpcsvc6.DLL
0x00007ffc718b0000 - 0x00007ffc718cd000 	C:\WINDOWS\SYSTEM32\dhcpcsvc.DLL

dbghelp: loaded successfully - version: 4.0.5 - missing functions: none
symbol engine: initialized successfully - sym options: 0x614 - pdb path: .;C:\Program Files\Java\jdk-13.0.2\bin;C:\WINDOWS\SYSTEM32;C:\WINDOWS\WinSxS\amd64_microsoft.windows.common-controls_6595b64144ccf1df_6.0.19041.1052_none_60b8f8fd71f5e8cb;C:\Program Files\Java\jdk-13.0.2\bin\server;C:\Program Files\JetBrains\IntelliJ IDEA Community Edition 2021.2\bin

VM Arguments:
jvm_args: -javaagent:C:\Program Files\JetBrains\IntelliJ IDEA Community Edition 2021.2\lib\idea_rt.jar=58550:C:\Program Files\JetBrains\IntelliJ IDEA Community Edition 2021.2\bin -Dfile.encoding=UTF-8 
java_command: com.booking.HotelBookingApplication
java_class_path (initial): C:\Users\Ensa\Desktop\Hotel-Booking\target\classes;C:\Users\Ensa\.m2\repository\org\springframework\boot\spring-boot-starter-data-jpa\2.5.4\spring-boot-starter-data-jpa-2.5.4.jar;C:\Users\Ensa\.m2\repository\org\springframework\boot\spring-boot-starter-aop\2.5.4\spring-boot-starter-aop-2.5.4.jar;C:\Users\Ensa\.m2\repository\org\aspectj\aspectjweaver\1.9.7\aspectjweaver-1.9.7.jar;C:\Users\Ensa\.m2\repository\org\springframework\boot\spring-boot-starter-jdbc\2.5.4\spring-boot-starter-jdbc-2.5.4.jar;C:\Users\Ensa\.m2\repository\com\zaxxer\HikariCP\4.0.3\HikariCP-4.0.3.jar;C:\Users\Ensa\.m2\repository\org\springframework\spring-jdbc\5.3.9\spring-jdbc-5.3.9.jar;C:\Users\Ensa\.m2\repository\jakarta\transaction\jakarta.transaction-api\1.3.3\jakarta.transaction-api-1.3.3.jar;C:\Users\Ensa\.m2\repository\jakarta\persistence\jakarta.persistence-api\2.2.3\jakarta.persistence-api-2.2.3.jar;C:\Users\Ensa\.m2\repository\org\hibernate\hibernate-core\5.4.32.Final\hibernate-core-5.4.32.Final.jar;C:\Users\Ensa\.m2\repository\org\jboss\logging\jboss-logging\3.4.2.Final\jboss-logging-3.4.2.Final.jar;C:\Users\Ensa\.m2\repository\org\javassist\javassist\3.27.0-GA\javassist-3.27.0-GA.jar;C:\Users\Ensa\.m2\repository\net\bytebuddy\byte-buddy\1.10.22\byte-buddy-1.10.22.jar;C:\Users\Ensa\.m2\repository\antlr\antlr\2.7.7\antlr-2.7.7.jar;C:\Users\Ensa\.m2\repository\org\jboss\jandex\2.2.3.Final\jandex-2.2.3.Final.jar;C:\Users\Ensa\.m2\repository\com\fasterxml\classmate\1.5.1\classmate-1.5.1.jar;C:\Users\Ensa\.m2\repository\org\dom4j\dom4j\2.1.3\dom4j-2.1.3.jar;C:\Users\Ensa\.m2\repository\org\hibernate\common\hibernate-commons-annotations\5.1.2.Final\hibernate-commons-annotations-5.1.2.Final.jar;C:\Users\Ensa\.m2\repository\org\glassfish\jaxb\jaxb-runtime\2.3.5\jaxb-runtime-2.3.5.jar;C:\Users\Ensa\.m2\repository\org\glassfish\jaxb\txw2\2.3.5\txw2-2.3.5.jar;C:\Users\Ensa\.m2\repository\com\sun\istack\istack-commons-runtime\3.0.12\istack-commons-runtime-3.0.12.jar;C:
Launcher Type: SUN_STANDARD

[Global flags]
     intx CICompilerCount                          = 3                                         {product} {ergonomic}
     uint ConcGCThreads                            = 1                                         {product} {ergonomic}
     uint G1ConcRefinementThreads                  = 4                                         {product} {ergonomic}
   size_t G1HeapRegionSize                         = 1048576                                   {product} {ergonomic}
    uintx GCDrainStackTargetSize                   = 64                                        {product} {ergonomic}
   size_t InitialHeapSize                          = 127926272                                 {product} {ergonomic}
   size_t MarkStackSize                            = 4194304                                   {product} {ergonomic}
   size_t MaxHeapSize                              = 2040528896                                {product} {ergonomic}
   size_t MaxNewSize                               = 1223688192                                {product} {ergonomic}
   size_t MinHeapDeltaBytes                        = 1048576                                   {product} {ergonomic}
   size_t MinHeapSize                              = 8388608                                   {product} {ergonomic}
    uintx NonNMethodCodeHeapSize                   = 5832780                                {pd product} {ergonomic}
    uintx NonProfiledCodeHeapSize                  = 122912730                              {pd product} {ergonomic}
    uintx ProfiledCodeHeapSize                     = 122912730                              {pd product} {ergonomic}
    uintx ReservedCodeCacheSize                    = 251658240                              {pd product} {ergonomic}
     bool SegmentedCodeCache                       = true                                      {product} {ergonomic}
   size_t SoftMaxHeapSize                          = 2040528896                             {manageable} {ergonomic}
     bool UseCompressedClassPointers               = true                                 {lp64_product} {ergonomic}
     bool UseCompressedOops                        = true                                 {lp64_product} {ergonomic}
     bool UseG1GC                                  = true                                      {product} {ergonomic}
     bool UseLargePagesIndividualAllocation        = false                                  {pd product} {ergonomic}

Logging:
Log output configuration:
 #0: stdout all=warning uptime,level,tags
 #1: stderr all=off uptime,level,tags

Environment Variables:
PATH=C:\oraclexe\app\oracle\product\11.2.0\server\bin;C:\Python38\Scripts\;C:\Python38\;C:\WINDOWS\system32;C:\WINDOWS;C:\WINDOWS\System32\Wbem;C:\WINDOWS\System32\WindowsPowerShell\v1.0\;C:\WINDOWS\System32\OpenSSH\;C:\ProgramData\chocolatey\bin;bin\com.pantech.myModule;C:\xampp\php;C:\ProgramData\ComposerSetup\bin;C:\Program Files\nodejs\;C:\Program Files\Microsoft SQL Server\130\Tools\Binn\;C:\Program Files\Git\cmd;C:\Users\Ensa\AppData\Local\Microsoft\WindowsApps;C:\Users\Ensa\AppData\Local\Programs\Microsoft VS Code\bin;C:\Users\Ensa\AppData\Roaming\npm;C:\Users\Ensa\AppData\Local\atom\bin;C:\Microsoft VS Code\bin;C:\Users\Ensa\AppData\Local\Microsoft\WindowsApps;C:\Program Files\MongoDB\Server\5.0\bin;C:\Program Files\JetBrains\IntelliJ IDEA Community Edition 2021.2\bin;
USERNAME=Ensa
OS=Windows_NT
PROCESSOR_IDENTIFIER=Intel64 Family 6 Model 58 Stepping 9, GenuineIntel



---------------  S Y S T E M  ---------------

OS: Windows 10 , 64 bit Build 19041 (10.0.19041.1023)

CPU:total 4 (initial active 4) (2 cores per cpu, 2 threads per core) family 6 model 58 stepping 9, cmov, cx8, fxsr, mmx, sse, sse2, sse3, ssse3, sse4.1, sse4.2, popcnt, avx, aes, clmul, erms, ht, tsc, tscinvbit, tscinv

Memory: 4k page, system-wide physical 7783M (587M free)
TotalPageFile size 9831M (AvailPageFile size 0M)
current process WorkingSet (physical memory assigned to process): 257M, peak: 257M
current process commit charge ("private bytes"): 293M, peak: 295M

vm_info: Java HotSpot(TM) 64-Bit Server VM (13.0.2+8) for windows-amd64 JRE (13.0.2+8), built on Dec 11 2019 09:20:33 by "mach5one" with unknown MS VC++:1916

END.
